make --dry-run --always-make --keep-going --print-directory
make: Entering directory '/home/qgjyf2001/work/balancer'
g++ -I./include -std=c++17 -g -c balancer.cpp -o balancer.o
g++ -I./include -std=c++17 -g -c json/jsonParser.cpp -o json/jsonParser.o
g++ -I./include -std=c++17 -g -c rpc/rpcParser.cpp -o rpc/rpcParser.o
g++ -I./include -std=c++17 -g -c rpc/rpcServer.cpp -o rpc/rpcServer.o
g++ -I./include -std=c++17 -g -c rpc/rpcClient.cpp -o rpc/rpcClient.o
g++ -I./include -std=c++17 -g -c threadPool/threadPool.cpp -o threadPool/threadPool.o
g++ -I./include -std=c++17 -g -c tcp/tcpServer.cpp -o tcp/tcpServer.o
g++ -I./include -std=c++17 -g -c cache/redisSet.cpp -o cache/redisSet.o
g++ -I./include -std=c++17 -g -c cache/cache.cpp -o cache/cache.o
g++ -I./include -std=c++17 -g -c balancers/baseBalancer.cpp -o balancers/baseBalancer.o
g++ -I./include -std=c++17 -g -c balancers/minimumBalancer.cpp -o balancers/minimumBalancer.o
g++ -I./include -std=c++17 -g -c balancers/hashBalancer.cpp -o balancers/hashBalancer.o
g++ -I./include -std=c++17 -g -c balancers/connectionBalancer.cpp -o balancers/connectionBalancer.o
g++ -o balancer balancer.o json/jsonParser.o rpc/rpcParser.o rpc/rpcServer.o rpc/rpcClient.o threadPool/threadPool.o tcp/tcpServer.o cache/redisSet.o cache/cache.o balancers/baseBalancer.o balancers/minimumBalancer.o balancers/hashBalancer.o balancers/connectionBalancer.o -lhiredis -lpthread -lcrypto
g++ -I./include -std=c++17 -g -c client.cpp -o client.o
g++ -o testClient client.o json/jsonParser.o rpc/rpcParser.o rpc/rpcServer.o rpc/rpcClient.o threadPool/threadPool.o tcp/tcpServer.o -lpthread
g++ -I./include -std=c++17 -g -c server.cpp -o server.o
g++ -o testServer server.o json/jsonParser.o rpc/rpcParser.o rpc/rpcServer.o rpc/rpcClient.o threadPool/threadPool.o tcp/tcpServer.o -lpthread -lgflags
make: Leaving directory '/home/qgjyf2001/work/balancer'
 
