make all --print-data-base --no-builtin-variables --no-builtin-rules --question
# GNU Make 4.2.1
# Built for x86_64-pc-linux-gnu
# Copyright (C) 1988-2016 Free Software Foundation, Inc.
# License GPLv3+: GNU GPL version 3 or later <http://gnu.org/licenses/gpl.html>
# This is free software: you are free to change and redistribute it.
# There is NO WARRANTY, to the extent permitted by law.

# Make data base, printed on Thu Dec  9 11:19:45 2021

# Variables

# 'override' directive
GNUMAKEFLAGS := 
# automatic
<D = $(patsubst %/,%,$(dir $<))
# automatic
?F = $(notdir $?)
# environment
DESKTOP_SESSION = ubuntu
# default
.SHELLFLAGS := -c
# environment
XDG_SESSION_CLASS = user
# environment
XDG_SESSION_TYPE = x11
# environment
VSCODE_LOG_NATIVE = false
# automatic
?D = $(patsubst %/,%,$(dir $?))
# environment
IM_CONFIG_PHASE = 1
# makefile (from 'Makefile', line 14)
TCPTARGET = $(TCP)/tcpServer.o
# automatic
@D = $(patsubst %/,%,$(dir $@))
# environment
XAUTHORITY = /run/user/1000/gdm/Xauthority
# environment
GDMSESSION = ubuntu
# environment
XMODIFIERS = @im=fcitx
# makefile
CURDIR := /home/qgjyf2001/work/rpc
# makefile
SHELL = /bin/sh
# environment
VSCODE_NLS_CONFIG = {"locale":"zh-cn","availableLanguages":{},"_languagePackSupport":true}
# environment
_ = /usr/share/code/code
# environment
JOURNAL_STREAM = 8:47302
# environment
XDG_CONFIG_DIRS = /etc/xdg/xdg-ubuntu:/etc/xdg
# makefile (from 'Makefile', line 1)
MAKEFILE_LIST :=  Makefile
# makefile (from 'Makefile', line 7)
THREADPOOL = ./threadPool
# automatic
@F = $(notdir $@)
# environment
GIO_LAUNCHED_DESKTOP_FILE = /usr/share/applications/code.desktop
# environment
USERNAME = qgjyf2001
# makefile (from 'Makefile', line 4)
CXXFLAGS = -std=c++17 -g
# environment
MAKELEVEL := 0
# environment
MANDATORY_PATH = /usr/share/gconf/ubuntu.mandatory.path
# environment
XDG_DATA_DIRS = /usr/share/ubuntu:/usr/local/share/:/usr/share/
# environment
DBUS_SESSION_BUS_ADDRESS = unix:path=/run/user/1000/bus
# environment
VSCODE_VERBOSE_LOGGING = true
# environment
MANAGERPID = 1504
# environment
CLUTTER_IM_MODULE = fcitx
# environment
LESSOPEN = | /usr/bin/lesspipe %s
# environment
LC_NAME = zh_CN.UTF-8
# environment
VSCODE_CWD = /home/qgjyf2001
# default
MAKE_HOST := x86_64-pc-linux-gnu
# environment
PATH = /home/qgjyf2001/.local/bin:~/anaconda3/bin:/home/qgjyf2001/.local/bin:/usr/local/sbin:/usr/local/bin:/usr/sbin:/usr/bin:/sbin:/bin:/usr/games:/usr/local/games:/snap/bin
# environment
GPG_AGENT_INFO = /run/user/1000/gnupg/S.gpg-agent:0:1
# environment
GJS_DEBUG_OUTPUT = stderr
# environment
SESSION_MANAGER = local/wycfather:@/tmp/.ICE-unix/1717,unix/wycfather:/tmp/.ICE-unix/1717
# environment
XDG_RUNTIME_DIR = /run/user/1000
# makefile (from 'Makefile', line 8)
THREADPOOLTARGET = $(THREADPOOL)/threadPool.o
# environment
XDG_MENU_PREFIX = gnome-
# environment
VSCODE_LOG_STACK = false
# environment
VSCODE_CRASH_REPORTER_START_OPTIONS = {"companyName":"Microsoft","productName":"VSCode","submitURL":"appcenter://code?aid=fba07a4d-84bd-4fc8-a125-9640fc8ce171&uid=50a9fddc-b1e9-4ca0-a496-2364db743386&iid=50a9fddc-b1e9-4ca0-a496-2364db743386&sid=50a9fddc-b1e9-4ca0-a496-2364db743386","uploadToServer":true}
# environment
INVOCATION_ID = 0f819a969af646c69ac7831ff6a2a7f9
# default
.FEATURES := target-specific order-only second-expansion else-if shortest-stem undefine oneshell archives jobserver output-sync check-symlink load
# environment
LS_COLORS = 
# environment
XDG_SESSION_DESKTOP = ubuntu
# environment
SSH_AUTH_SOCK = /run/user/1000/keyring/ssh
# environment
GIO_LAUNCHED_DESKTOP_FILE_PID = 3302
# automatic
%F = $(notdir $%)
# environment
DISPLAY = :1
# environment
GTK_IM_MODULE = fcitx
# environment
VSCODE_PIPE_LOGGING = true
# environment
PWD = /home/qgjyf2001/work/rpc
# default
.LOADED := 
# environment
SSH_AGENT_PID = 1674
# environment
ORIGINAL_XDG_CURRENT_DESKTOP = ubuntu:GNOME
# environment
GTK_MODULES = gail:atk-bridge
# environment
VSCODE_AMD_ENTRYPOINT = vs/workbench/services/extensions/node/extensionHostProcess
# environment
HOME = /home/qgjyf2001
# environment
LD_LIBRARY_PATH = :/usr/local/lib
# environment
LESSCLOSE = /usr/bin/lesspipe %s %s
# environment
LOGNAME = qgjyf2001
# environment
APPLICATION_INSIGHTS_NO_DIAGNOSTIC_CHANNEL = true
# automatic
+F = $(notdir $+)
# environment
VSCODE_HANDLES_UNCAUGHT_ERRORS = true
# environment
GNOME_DESKTOP_SESSION_ID = this-is-deprecated
# automatic
^D = $(patsubst %/,%,$(dir $^))
# environment
LC_TIME = zh_CN.UTF-8
# default
MAKE = $(MAKE_COMMAND)
# default
MAKECMDGOALS := all
# environment
QT_IM_MODULE = fcitx
# environment
SHLVL = 0
# makefile (from 'Makefile', line 3)
CC = g++
# environment
GNOME_SHELL_SESSION_MODE = ubuntu
# environment
VSCODE_IPC_HOOK_EXTHOST = /run/user/1000/vscode-ipc-4d96ef73-c41a-443a-ab8f-3414cdfe7f56.sock
# default
MAKE_VERSION := 4.2.1
# environment
USER = qgjyf2001
# environment
LC_MONETARY = zh_CN.UTF-8
# makefile
.DEFAULT_GOAL := all
# makefile (from 'Makefile', line 5)
INCLUDE = ./include
# environment
XDG_CURRENT_DESKTOP = Unity
# automatic
%D = $(patsubst %/,%,$(dir $%))
# makefile (from 'Makefile', line 9)
JSONPARSER = ./json
# environment
LC_TELEPHONE = zh_CN.UTF-8
# default
MAKE_COMMAND := make
# environment
VSCODE_NODE_CACHED_DATA_DIR = /home/qgjyf2001/.config/Code/CachedData/054a9295330880ed74ceaedda236253b4f39a335
# default
.VARIABLES := 
# automatic
*F = $(notdir $*)
# environment
LANGUAGE = zh_CN:zh:en_US:en
# environment
VSCODE_IPC_HOOK = /run/user/1000/vscode-fe830ca3-1.56.2-main.sock
# makefile
MAKEFLAGS = pqrR
# environment
MFLAGS = -pqrR
# automatic
*D = $(patsubst %/,%,$(dir $*))
# environment
BREAKPAD_DUMP_LOCATION = /home/qgjyf2001/.config/Code/exthost Crash Reports
# automatic
+D = $(patsubst %/,%,$(dir $+))
# environment
GDK_BACKEND = x11
# environment
LC_PAPER = zh_CN.UTF-8
# makefile (from 'Makefile', line 11)
RPC = ./rpc
# environment
QT_ACCESSIBILITY = 1
# environment
DEFAULTS_PATH = /usr/share/gconf/ubuntu.default.path
# makefile (from 'Makefile', line 12)
RPCTARGET = $(RPC)/rpcParser.o $(RPC)/rpcServer.o $(RPC)/rpcClient.o
# makefile (from 'Makefile', line 13)
TCP = ./tcp
# default
MAKEFILES := 
# environment
LC_NUMERIC = zh_CN.UTF-8
# automatic
<F = $(notdir $<)
# environment
ELECTRON_RUN_AS_NODE = 1
# environment
LC_MEASUREMENT = zh_CN.UTF-8
# environment
LC_ALL = C
# environment
QT4_IM_MODULE = fcitx
# environment
GJS_DEBUG_TOPICS = JS ERROR;JS LOG
# automatic
^F = $(notdir $^)
# makefile (from 'Makefile', line 10)
JSONPARSERTARGET = $(JSONPARSER)/jsonParser.o
# default
SUFFIXES := 
# environment
CHROME_DESKTOP = code-url-handler.desktop
# environment
WINDOWPATH = 2
# default
.INCLUDE_DIRS = /usr/include /usr/local/include /usr/include
# environment
LC_IDENTIFICATION = zh_CN.UTF-8
# default
.RECIPEPREFIX := 
# environment
LC_ADDRESS = zh_CN.UTF-8
# environment
LANG = C
# environment
VSCODE_PID = 3302
# variable set hash-table stats:
# Load=126/1024=12%, Rehash=0, Collisions=28/187=15%

# Pattern-specific Variable Values

# No pattern-specific variable values.

# Directories

# . (device 2067, inode 1106279): 18 files, no impossibilities.
# rpc (device 2067, inode 1106237): No files, no impossibilities so far.
# tcp (device 2067, inode 1106290): No files, no impossibilities so far.

# 18 files, no impossibilities in 3 directories.

# Implicit Rules
 

tcp/%.o: tcp/%.cpp
#  recipe to execute (from 'Makefile', line 19):
	$(CC) -I$(INCLUDE) $(CXXFLAGS) -c $^ -o $@

rpc/%.o: rpc/%.cpp
#  recipe to execute (from 'Makefile', line 23):
	$(CC) -I$(INCLUDE) $(CXXFLAGS) -c $^ -o $@

# 2 implicit rules, 0 (0.0%) terminal.

# Files

# Not a target:
rpc/rpcClient.o:
#  Implicit rule search has not been done.
#  Modification time never checked.
#  File has not been updated.

all: server client
#  Command line target.
#  Implicit rule search has been done.
#  File does not exist.
#  File has been updated.
#  Needs to be updated (-q is set).
# variable set hash-table stats:
# Load=0/32=0%, Rehash=0, Collisions=0/6=0%

client.o: client.cpp
#  Implicit rule search has not been done.
#  Modification time never checked.
#  File has not been updated.
#  recipe to execute (from 'Makefile', line 26):
	$(CC) -I$(INCLUDE) $(CXXFLAGS) -c $^ -o $@

client: client.o json/jsonParser.o rpc/rpcParser.o rpc/rpcServer.o rpc/rpcClient.o threadPool/threadPool.o tcp/tcpServer.o -lpthread
#  Implicit rule search has not been done.
#  Modification time never checked.
#  File has not been updated.
#  recipe to execute (from 'Makefile', line 28):
	$(CC) -o $@ $^

# Not a target:
rpc/rpcServer.o:
#  Implicit rule search has not been done.
#  Modification time never checked.
#  File has not been updated.

# Not a target:
.SUFFIXES:
#  Implicit rule search has not been done.
#  Modification time never checked.
#  File has not been updated.

# Not a target:
Makefile:
#  Implicit rule search has been done.
#  Last modified 2021-11-19 17:05:34.129524195
#  File has been updated.
#  Successfully updated.

json/jsonParser.o: json/jsonParser.cpp
#  Implicit rule search has not been done.
#  Modification time never checked.
#  File has not been updated.
#  recipe to execute (from 'Makefile', line 21):
	$(CC) -I$(INCLUDE) $(CXXFLAGS) -c $^ -o $@

server.o: server.cpp
#  Implicit rule search has not been done.
#  Implicit/static pattern stem: ''
#  Last modified 2021-11-20 20:53:12.600538852
#  File has been updated.
#  Needs to be updated (-q is set).
# automatic
# @ := server.o
# automatic
# % := 
# automatic
# * := 
# automatic
# + := server.cpp
# automatic
# | := 
# automatic
# < := server.cpp
# automatic
# ^ := server.cpp
# automatic
# ? := server.cpp
# variable set hash-table stats:
# Load=8/32=25%, Rehash=0, Collisions=2/16=12%
#  recipe to execute (from 'Makefile', line 30):
	$(CC) -I$(INCLUDE) $(CXXFLAGS) -c $^ -o $@

server: server.o json/jsonParser.o rpc/rpcParser.o rpc/rpcServer.o rpc/rpcClient.o threadPool/threadPool.o tcp/tcpServer.o -lpthread
#  Implicit rule search has not been done.
#  Last modified 2021-11-20 20:53:16.884354586
#  File has been updated.
#  Needs to be updated (-q is set).
# variable set hash-table stats:
# Load=0/32=0%, Rehash=0, Collisions=0/6=0%
#  recipe to execute (from 'Makefile', line 32):
	$(CC) -o $@ $^

threadPool/threadPool.o: threadPool/threadPool.cpp
#  Implicit rule search has not been done.
#  Modification time never checked.
#  File has not been updated.
#  recipe to execute (from 'Makefile', line 17):
	$(CC) -I$(INCLUDE) $(CXXFLAGS) -c $^ -o $@

# Not a target:
.DEFAULT:
#  Implicit rule search has not been done.
#  Modification time never checked.
#  File has not been updated.

# Not a target:
-lpthread:
#  Implicit rule search has not been done.
#  Modification time never checked.
#  File has not been updated.

# Not a target:
client.cpp:
#  Implicit rule search has not been done.
#  Modification time never checked.
#  File has not been updated.

clean:
#  Implicit rule search has not been done.
#  Modification time never checked.
#  File has not been updated.
#  recipe to execute (from 'Makefile', line 34):
	find . -name '*.o' -type f -print -exec rm -rf {} \;
	rm client
	rm server

# Not a target:
rpc/rpcParser.o:
#  Implicit rule search has not been done.
#  Modification time never checked.
#  File has not been updated.

# Not a target:
json/jsonParser.cpp:
#  Implicit rule search has not been done.
#  Modification time never checked.
#  File has not been updated.

# Not a target:
server.cpp:
#  Implicit rule search has been done.
#  Last modified 2021-11-21 13:17:20.841967495
#  File has been updated.
#  Successfully updated.

# Not a target:
tcp/tcpServer.o:
#  Implicit rule search has not been done.
#  Modification time never checked.
#  File has not been updated.

# Not a target:
threadPool/threadPool.cpp:
#  Implicit rule search has not been done.
#  Modification time never checked.
#  File has not been updated.

# files hash-table stats:
# Load=20/1024=2%, Rehash=0, Collisions=0/56=0%
# VPATH Search Paths

# No 'vpath' search paths.

# No general ('VPATH' variable) search path.

# strcache buffers: 1 (0) / strings = 37 / storage = 390 B / avg = 10 B
# current buf: size = 8162 B / used = 390 B / count = 37 / avg = 10 B

# strcache performance: lookups = 72 / hit rate = 48%
# hash-table stats:
# Load=37/8192=0%, Rehash=0, Collisions=1/72=1%
# Finished Make data base on Thu Dec  9 11:19:45 2021

 
